<?xml version="1.0" encoding="UTF-8"?>
<testng-results ignored="0" total="4" passed="4" failed="0" skipped="0">
  <reporter-output>
  </reporter-output>
  <suite started-at="2024-05-31T10:33:17 IST" name="Suite" finished-at="2024-05-31T10:34:05 IST" duration-ms="47523">
    <groups>
    </groups>
    <test started-at="2024-05-31T10:33:17 IST" name="AddRemoveElement Testing" finished-at="2024-05-31T10:33:25 IST" duration-ms="8078">
      <class name="testCase.AddRemoveElement">
        <test-method is-config="true" signature="runningBrowser()[pri:0, instance:testCase.AddRemoveElement@10683d9d]" started-at="2024-05-31T10:33:17 IST" name="runningBrowser" finished-at="2024-05-31T10:33:23 IST" duration-ms="5712" status="PASS">
          <reporter-output>
          </reporter-output>
        </test-method> <!-- runningBrowser -->
        <test-method signature="addRemoveElementMethod()[pri:0, instance:testCase.AddRemoveElement@10683d9d]" started-at="2024-05-31T10:33:23 IST" name="addRemoveElementMethod" finished-at="2024-05-31T10:33:25 IST" duration-ms="2120" status="PASS">
          <reporter-output>
          </reporter-output>
        </test-method> <!-- addRemoveElementMethod -->
        <test-method is-config="true" signature="closeBrowser()[pri:0, instance:testCase.AddRemoveElement@10683d9d]" started-at="2024-05-31T10:33:25 IST" name="closeBrowser" finished-at="2024-05-31T10:33:25 IST" duration-ms="181" status="PASS">
          <reporter-output>
          </reporter-output>
        </test-method> <!-- closeBrowser -->
      </class> <!-- testCase.AddRemoveElement -->
    </test> <!-- AddRemoveElement Testing -->
    <test started-at="2024-05-31T10:33:26 IST" name="DynamicTable Testing" finished-at="2024-05-31T10:33:38 IST" duration-ms="12699">
      <class name="testCase.DynamicTable">
        <test-method is-config="true" signature="runningBrowser()[pri:0, instance:testCase.DynamicTable@247bddad]" started-at="2024-05-31T10:33:26 IST" name="runningBrowser" finished-at="2024-05-31T10:33:30 IST" duration-ms="4063" status="PASS">
          <reporter-output>
          </reporter-output>
        </test-method> <!-- runningBrowser -->
        <test-method signature="dynamicTableMethod()[pri:0, instance:testCase.DynamicTable@247bddad]" started-at="2024-05-31T10:33:30 IST" name="dynamicTableMethod" finished-at="2024-05-31T10:33:38 IST" duration-ms="8331" status="PASS">
          <reporter-output>
          </reporter-output>
        </test-method> <!-- dynamicTableMethod -->
        <test-method is-config="true" signature="closeBrowser()[pri:0, instance:testCase.DynamicTable@247bddad]" started-at="2024-05-31T10:33:38 IST" name="closeBrowser" finished-at="2024-05-31T10:33:38 IST" duration-ms="285" status="PASS">
          <reporter-output>
          </reporter-output>
        </test-method> <!-- closeBrowser -->
      </class> <!-- testCase.DynamicTable -->
    </test> <!-- DynamicTable Testing -->
    <test started-at="2024-05-31T10:33:38 IST" name="NotificationMessage Testing" finished-at="2024-05-31T10:33:55 IST" duration-ms="16594">
      <class name="testCase.NotificationMessage">
        <test-method is-config="true" signature="runningBrowser()[pri:0, instance:testCase.NotificationMessage@24313fcc]" started-at="2024-05-31T10:33:38 IST" name="runningBrowser" finished-at="2024-05-31T10:33:41 IST" duration-ms="2983" status="PASS">
          <reporter-output>
          </reporter-output>
        </test-method> <!-- runningBrowser -->
        <test-method signature="notificationMessage()[pri:0, instance:testCase.NotificationMessage@24313fcc]" started-at="2024-05-31T10:33:41 IST" name="notificationMessage" finished-at="2024-05-31T10:33:55 IST" duration-ms="13332" status="PASS">
          <reporter-output>
          </reporter-output>
        </test-method> <!-- notificationMessage -->
        <test-method is-config="true" signature="closeBrowser()[pri:0, instance:testCase.NotificationMessage@24313fcc]" started-at="2024-05-31T10:33:55 IST" name="closeBrowser" finished-at="2024-05-31T10:33:55 IST" duration-ms="275" status="PASS">
          <reporter-output>
          </reporter-output>
        </test-method> <!-- closeBrowser -->
      </class> <!-- testCase.NotificationMessage -->
    </test> <!-- NotificationMessage Testing -->
    <test started-at="2024-05-31T10:33:55 IST" name="WebInput Testing" finished-at="2024-05-31T10:34:05 IST" duration-ms="9806">
      <class name="testCase.WebInput">
        <test-method is-config="true" signature="runningBrowser()[pri:0, instance:testCase.WebInput@131ef10]" started-at="2024-05-31T10:33:55 IST" name="runningBrowser" finished-at="2024-05-31T10:34:00 IST" duration-ms="4477" status="PASS">
          <reporter-output>
          </reporter-output>
        </test-method> <!-- runningBrowser -->
        <test-method signature="testCaseWebInput()[pri:0, instance:testCase.WebInput@131ef10]" started-at="2024-05-31T10:34:00 IST" name="testCaseWebInput" finished-at="2024-05-31T10:34:05 IST" duration-ms="5119" status="PASS">
          <reporter-output>
          </reporter-output>
        </test-method> <!-- testCaseWebInput -->
        <test-method is-config="true" signature="closeBrowser()[pri:0, instance:testCase.WebInput@131ef10]" started-at="2024-05-31T10:34:05 IST" name="closeBrowser" finished-at="2024-05-31T10:34:05 IST" duration-ms="206" status="PASS">
          <reporter-output>
          </reporter-output>
        </test-method> <!-- closeBrowser -->
      </class> <!-- testCase.WebInput -->
    </test> <!-- WebInput Testing -->
  </suite> <!-- Suite -->
</testng-results>
